# JRE version: Java(TM) SE Runtime Environment (17.0.12+8) (build 17.0.12+8-LTS-286)
# Java VM: Java HotSpot(TM) 64-Bit Server VM (17.0.12+8-LTS-286, mixed mode, sharing, tiered, compressed oops, compressed class ptrs, g1 gc, windows-amd64)
GC Precious Log:
 CPUs: 8 total, 8 available
 Memory: 16321M
 Large Page Support: Disabled
 NUMA Support: Disabled
 Compressed Oops: Enabled (32-bit)
 Heap Region Size: 1M
 Heap Min Capacity: 8M
 Heap Initial Capacity: 256M
 Heap Max Capacity: 2G
 Pre-touch: Disabled
 Parallel Workers: 8
 Concurrent Workers: 2
 Concurrent Refinement Workers: 8
 Periodic GC: Disabled
Heap:
 garbage-first heap   total 380928K, used 327705K [0x0000000080000000, 0x0000000100000000)
  region size 1024K, 38 young (38912K), 4 survivors (4096K)
 Metaspace       used 130178K, committed 131648K, reserved 557056K
  class space    used 17553K, committed 18240K, reserved 425984K
GC Heap History (20 events):
Event: 58.709 GC heap after
{Heap after GC invocations=90 (full 0):
 garbage-first heap   total 380928K, used 260383K [0x0000000080000000, 0x0000000100000000)
  region size 1024K, 11 young (11264K), 11 survivors (11264K)
 Metaspace       used 123175K, committed 124480K, reserved 557056K
  class space    used 16874K, committed 17472K, reserved 425984K
}
Event: 59.582 GC heap before
{Heap before GC invocations=90 (full 0):
 garbage-first heap   total 380928K, used 331039K [0x0000000080000000, 0x0000000100000000)
  region size 1024K, 64 young (65536K), 11 survivors (11264K)
 Metaspace       used 123895K, committed 125248K, reserved 557056K
  class space    used 16939K, committed 17536K, reserved 425984K
}
Event: 59.592 GC heap after
{Heap after GC invocations=91 (full 0):
 garbage-first heap   total 380928K, used 268449K [0x0000000080000000, 0x0000000100000000)
  region size 1024K, 7 young (7168K), 7 survivors (7168K)
 Metaspace       used 123895K, committed 125248K, reserved 557056K
  class space    used 16939K, committed 17536K, reserved 425984K
}
Event: 60.139 GC heap before
{Heap before GC invocations=91 (full 0):
 garbage-first heap   total 380928K, used 318625K [0x0000000080000000, 0x0000000100000000)
  region size 1024K, 57 young (58368K), 7 survivors (7168K)
 Metaspace       used 127103K, committed 128448K, reserved 557056K
  class space    used 17232K, committed 17856K, reserved 425984K
}
Event: 60.145 GC heap after
{Heap after GC invocations=92 (full 0):
 garbage-first heap   total 380928K, used 271768K [0x0000000080000000, 0x0000000100000000)
  region size 1024K, 4 young (4096K), 4 survivors (4096K)
 Metaspace       used 127103K, committed 128448K, reserved 557056K
  class space    used 17232K, committed 17856K, reserved 425984K
}
Event: 60.414 GC heap before
{Heap before GC invocations=92 (full 0):
 garbage-first heap   total 380928K, used 320920K [0x0000000080000000, 0x0000000100000000)
  region size 1024K, 53 young (54272K), 4 survivors (4096K)
 Metaspace       used 127863K, committed 129344K, reserved 557056K
  class space    used 17313K, committed 17984K, reserved 425984K
}
Event: 60.418 GC heap after
{Heap after GC invocations=93 (full 0):
 garbage-first heap   total 380928K, used 274890K [0x0000000080000000, 0x0000000100000000)
  region size 1024K, 7 young (7168K), 7 survivors (7168K)
 Metaspace       used 127863K, committed 129344K, reserved 557056K
  class space    used 17313K, committed 17984K, reserved 425984K
}
Event: 60.762 GC heap before
{Heap before GC invocations=93 (full 0):
 garbage-first heap   total 380928K, used 324042K [0x0000000080000000, 0x0000000100000000)
  region size 1024K, 55 young (56320K), 7 survivors (7168K)
 Metaspace       used 128679K, committed 130048K, reserved 557056K
  class space    used 17404K, committed 18048K, reserved 425984K
}
Event: 60.768 GC heap after
{Heap after GC invocations=94 (full 0):
 garbage-first heap   total 380928K, used 280376K [0x0000000080000000, 0x0000000100000000)
  region size 1024K, 7 young (7168K), 7 survivors (7168K)
 Metaspace       used 128679K, committed 130048K, reserved 557056K
  class space    used 17404K, committed 18048K, reserved 425984K
}
Event: 61.141 GC heap before
{Heap before GC invocations=94 (full 0):
 garbage-first heap   total 380928K, used 324408K [0x0000000080000000, 0x0000000100000000)
  region size 1024K, 51 young (52224K), 7 survivors (7168K)
 Metaspace       used 128883K, committed 130304K, reserved 557056K
  class space    used 17415K, committed 18048K, reserved 425984K
}
Event: 61.148 GC heap after
{Heap after GC invocations=95 (full 0):
 garbage-first heap   total 380928K, used 281304K [0x0000000080000000, 0x0000000100000000)
  region size 1024K, 4 young (4096K), 4 survivors (4096K)
 Metaspace       used 128883K, committed 130304K, reserved 557056K
  class space    used 17415K, committed 18048K, reserved 425984K
}
Event: 63.084 GC heap before
{Heap before GC invocations=95 (full 0):
 garbage-first heap   total 380928K, used 325336K [0x0000000080000000, 0x0000000100000000)
  region size 1024K, 48 young (49152K), 4 survivors (4096K)
 Metaspace       used 129048K, committed 130496K, reserved 557056K
  class space    used 17429K, committed 18112K, reserved 425984K
}
Event: 63.088 GC heap after
{Heap after GC invocations=96 (full 0):
 garbage-first heap   total 380928K, used 283590K [0x0000000080000000, 0x0000000100000000)
  region size 1024K, 5 young (5120K), 5 survivors (5120K)
 Metaspace       used 129048K, committed 130496K, reserved 557056K
  class space    used 17429K, committed 18112K, reserved 425984K
}
Event: 64.410 GC heap before
{Heap before GC invocations=96 (full 0):
 garbage-first heap   total 380928K, used 326598K [0x0000000080000000, 0x0000000100000000)
  region size 1024K, 48 young (49152K), 5 survivors (5120K)
 Metaspace       used 129126K, committed 130560K, reserved 557056K
  class space    used 17438K, committed 18112K, reserved 425984K
}
Event: 64.415 GC heap after
{Heap after GC invocations=97 (full 0):
 garbage-first heap   total 380928K, used 285786K [0x0000000080000000, 0x0000000100000000)
  region size 1024K, 5 young (5120K), 5 survivors (5120K)
 Metaspace       used 129126K, committed 130560K, reserved 557056K
  class space    used 17438K, committed 18112K, reserved 425984K
}
Event: 64.688 GC heap before
{Heap before GC invocations=97 (full 0):
 garbage-first heap   total 380928K, used 326746K [0x0000000080000000, 0x0000000100000000)
  region size 1024K, 46 young (47104K), 5 survivors (5120K)
 Metaspace       used 129566K, committed 131072K, reserved 557056K
  class space    used 17482K, committed 18176K, reserved 425984K
}
Event: 64.693 GC heap after
{Heap after GC invocations=98 (full 0):
 garbage-first heap   total 380928K, used 289747K [0x0000000080000000, 0x0000000100000000)
  region size 1024K, 6 young (6144K), 6 survivors (6144K)
 Metaspace       used 129566K, committed 131072K, reserved 557056K
  class space    used 17482K, committed 18176K, reserved 425984K
}
Event: 65.042 GC heap before
{Heap before GC invocations=98 (full 0):
 garbage-first heap   total 380928K, used 326611K [0x0000000080000000, 0x0000000100000000)
  region size 1024K, 43 young (44032K), 6 survivors (6144K)
 Metaspace       used 130103K, committed 131584K, reserved 557056K
  class space    used 17543K, committed 18240K, reserved 425984K
}
Event: 65.048 GC heap after
{Heap after GC invocations=99 (full 0):
 garbage-first heap   total 380928K, used 292889K [0x0000000080000000, 0x0000000100000000)
  region size 1024K, 5 young (5120K), 5 survivors (5120K)
 Metaspace       used 130103K, committed 131584K, reserved 557056K
  class space    used 17543K, committed 18240K, reserved 425984K
}
Event: 65.286 GC heap before
{Heap before GC invocations=99 (full 0):
 garbage-first heap   total 380928K, used 326681K [0x0000000080000000, 0x0000000100000000)
  region size 1024K, 39 young (39936K), 5 survivors (5120K)
 Metaspace       used 130178K, committed 131648K, reserved 557056K
  class space    used 17553K, committed 18240K, reserved 425984K
}

